============================================================
  Generated by:           Genus(TM) Synthesis Solution 19.12-s121_1
  Generated on:           Jan 27 2023  09:54:37 pm
  Module:                 fifo1_sramb
  Technology libraries:   saed32io_wb_ss0p95v125c_2p25v 
                          saed32sramlp_ss0p75v125c_i0p75v 1.0000000
                          saed32pll_ss0p95v125c_2p25v 
                          saed32rvt_ss0p95v125c 1.0000000
  Operating conditions:   _nominal_ (balanced_tree)
  Wireload mode:          enclosed
  Area mode:              timing library
============================================================

Timing
--------

 Clock Period 
--------------
rclk    900.0 
wclk    900.0 
wclk2x  450.0 


  Cost     Critical            Violating 
  Group   Path Slack    TNS      Paths   
-----------------------------------------
default     No paths      0.0            
INPUTS         -31.7   -308.6         10 
INTERNAL         0.6      0.0          0 
OUTPUTS         44.7      0.0          0 
rclk        No paths      0.0            
wclk        No paths      0.0            
wclk2x      No paths      0.0            
-----------------------------------------
Total                  -308.6         10 

Instance Count
--------------
Leaf Instance Count             500 
Physical Instance count           0 
Sequential Instance Count       104 
Combinational Instance Count    396 
Hierarchical Instance Count       5 

Area
----
Cell Area                          511343.750
Physical Cell Area                 0.000
Total Cell Area (Cell+Physical)    511343.750
Net Area                           0.000
Total Area (Cell+Physical+Net)     511343.750

Max Fanout                         72 (fifomem/n_27)
Min Fanout                         0 (io_b_wrst_n_net)
Average Fanout                     2.7
Terms to net ratio                 4.1385
Terms to instance ratio            4.3620
Runtime                            52.59055599999999 seconds
Elapsed Runtime                    97 seconds
Genus peak memory usage            1422.98 
Innovus peak memory usage          no_value 
Hostname                           auto.ece.pdx.edu
